  Homework1.cpp
C:\Users\tyb\Desktop\三维动画\作业\Homework1\Homework1\Homework1.cpp(295,34): warning C4244: “+=”: 从“double”转换到“T”，可能丢失数据
          with
          [
              T=float
          ]
C:\Users\tyb\Desktop\三维动画\作业\Homework1\Homework1\Homework1.cpp(304,17): warning C4244: “=”: 从“double”转换到“float”，可能丢失数据
C:\Users\tyb\Desktop\三维动画\作业\Homework1\Homework1\Homework1.cpp(305,17): warning C4244: “=”: 从“double”转换到“float”，可能丢失数据
C:\Users\tyb\Desktop\三维动画\作业\Homework1\Homework1\Homework1.cpp(309,19): warning C4244: “初始化”: 从“double”转换到“float”，可能丢失数据
C:\Users\tyb\Desktop\三维动画\作业\Homework1\Homework1\Homework1.cpp(310,19): warning C4244: “初始化”: 从“double”转换到“float”，可能丢失数据
C:\Users\tyb\Desktop\三维动画\作业\Homework1\Homework1\Homework1.cpp(312,13): warning C4244: “=”: 从“double”转换到“float”，可能丢失数据
C:\Users\tyb\Desktop\三维动画\作业\Homework1\Homework1\Homework1.cpp(313,13): warning C4244: “=”: 从“double”转换到“float”，可能丢失数据
C:\Users\tyb\Desktop\三维动画\作业\Homework1\Homework1\Homework1.cpp(315,25): warning C4244: “+=”: 从“double”转换到“GLfloat”，可能丢失数据
C:\Users\tyb\Desktop\三维动画\作业\Homework1\Homework1\Homework1.cpp(316,27): warning C4244: “+=”: 从“double”转换到“GLfloat”，可能丢失数据
  正在生成代码
  1 of 242 functions ( 0.4%) were compiled, the rest were copied from previous compilation.
    0 functions were new in current compilation
    0 functions had inline decision re-evaluated but remain unchanged
  已完成代码的生成
  Homework1.vcxproj -> C:\Users\tyb\Desktop\三维动画\作业\Homework1\Release\Homework1.exe
